==========================================
SLURM_JOB_ID = 240337
SLURM_NODELIST = gnode55
SLURM_JOB_GPUS = 0,1,2,3
==========================================
sending incremental file list
checkpoint_best_mr.pt

sent 792,999,852 bytes  received 35 bytes  21,146,663.65 bytes/sec
total size is 1,032,295,123  speedup is 1.30
sending incremental file list
created directory /ssd_scratch/cvit/asvs/data/pib-en-mar
./
dev.mr-en.en
dev.mr-en.mr
test.mr-en.en
test.mr-en.mr
train.mr-en.en
train.mr-en.en_original
train.mr-en.mr
train.mr-en.mr_original

sent 25,670,246 bytes  received 232 bytes  3,020,056.24 bytes/sec
total size is 135,185,027  speedup is 5.27
preprocess_cvit.py:14: YAMLLoadWarning: calling yaml.load() without Loader=... is deprecated, as the default Loader is unsafe. Please read https://msg.pyyaml.org/load for full details.
  data = yaml.load(contents)
LMDB(/ssd_scratch/cvit/asvs/data/pib-en-mar/test.mr-en.en) does not exist. Building
Loaded /ssd_scratch/cvit/asvs/data/pib-en-mar/test.mr-en.en
Built LMDB(/ssd_scratch/cvit/asvs/data/pib-en-mar/test.mr-en.en)
LMDB(/ssd_scratch/cvit/asvs/data/pib-en-mar/dev.mr-en.en) does not exist. Building
Loaded /ssd_scratch/cvit/asvs/data/pib-en-mar/dev.mr-en.en
Built LMDB(/ssd_scratch/cvit/asvs/data/pib-en-mar/dev.mr-en.en)
LMDB(/ssd_scratch/cvit/asvs/data/pib-en-mar/test.mr-en.mr) does not exist. Building
Loaded /ssd_scratch/cvit/asvs/data/pib-en-mar/test.mr-en.mr
Built LMDB(/ssd_scratch/cvit/asvs/data/pib-en-mar/test.mr-en.mr)
LMDB(/ssd_scratch/cvit/asvs/data/pib-en-mar/dev.mr-en.mr) does not exist. Building
Loaded /ssd_scratch/cvit/asvs/data/pib-en-mar/dev.mr-en.mr
Built LMDB(/ssd_scratch/cvit/asvs/data/pib-en-mar/dev.mr-en.mr)
LMDB(/ssd_scratch/cvit/asvs/data/pib-en-mar/train.mr-en.mr) does not exist. Building
Loaded /ssd_scratch/cvit/asvs/data/pib-en-mar/train.mr-en.mr
Built LMDB(/ssd_scratch/cvit/asvs/data/pib-en-mar/train.mr-en.mr)
LMDB(/ssd_scratch/cvit/asvs/data/pib-en-mar/train.mr-en.en) does not exist. Building
Loaded /ssd_scratch/cvit/asvs/data/pib-en-mar/train.mr-en.en
Built LMDB(/ssd_scratch/cvit/asvs/data/pib-en-mar/train.mr-en.en)
| distributed init (rank 2): tcp://localhost:10817
| distributed init (rank 3): tcp://localhost:10817
| distributed init (rank 0): tcp://localhost:10817
| initialized host gnode55 as rank 3
| initialized host gnode55 as rank 2
| distributed init (rank 1): tcp://localhost:10817
| initialized host gnode55 as rank 1
| initialized host gnode55 as rank 0
Namespace(activation_dropout=0.1, activation_fn='relu', adam_betas='(0.9, 0.999)', adam_eps=1e-08, adaptive_input=False, adaptive_softmax_cutoff=None, adaptive_softmax_dropout=0, arch='transformer', attention_dropout=0.1, best_checkpoint_metric='loss', bpe=None, bucket_cap_mb=25, clip_norm=25, cpu=False, criterion='label_smoothed_cross_entropy', curriculum=0, data='config.yaml', dataset_impl=None, ddp_backend='no_c10d', decoder_attention_heads=8, decoder_embed_dim=512, decoder_embed_path=None, decoder_ffn_embed_dim=2048, decoder_input_dim=512, decoder_layers=6, decoder_learned_pos=False, decoder_normalize_before=False, decoder_output_dim=512, device_id=0, disable_validation=False, distributed_backend='nccl', distributed_init_method='tcp://localhost:10817', distributed_no_spawn=False, distributed_port=-1, distributed_rank=0, distributed_world_size=4, dropout=0.1, encoder_attention_heads=8, encoder_embed_dim=512, encoder_embed_path=None, encoder_ffn_embed_dim=2048, encoder_layers=6, encoder_learned_pos=False, encoder_normalize_before=False, find_unused_parameters=False, fix_batches_to_gpus=False, force_anneal=None, fp16=False, fp16_init_scale=128, fp16_scale_tolerance=0.0, fp16_scale_window=None, keep_interval_updates=-1, keep_last_epochs=-1, label_smoothing=0.0, lazy_load=False, left_pad_source='True', left_pad_target='False', log_format='simple', log_interval=200, lr=[0.0001], lr_scheduler='fixed', lr_shrink=0.1, max_epoch=64, max_sentences=None, max_sentences_valid=None, max_source_positions=1024, max_target_positions=1024, max_tokens=5000, max_tokens_valid=5000, max_update=0, maximize_best_checkpoint_metric=False, memory_efficient_fp16=False, min_loss_scale=0.0001, min_lr=1e-09, no_epoch_checkpoints=False, no_last_checkpoints=False, no_progress_bar=False, no_save=False, no_save_optimizer_state=False, no_token_positional_embeddings=False, num_workers=0, optimizer='adam', optimizer_overrides='{}', raw_text=False, required_batch_size_multiple=8, reset_dataloader=False, reset_lr_scheduler=False, reset_meters=False, reset_optimizer=True, restore_file='checkpoint_last.pt', save_dir='/ssd_scratch/cvit/asvs/checkpoints', save_interval=1, save_interval_updates=0, seed=1, sentence_avg=False, share_all_embeddings=True, share_decoder_input_output_embed=False, skip_invalid_size_inputs_valid_test=False, source_lang=None, target_lang=None, task='shared-multilingual-translation', tbmf_wrapper=False, tensorboard_logdir='', threshold_loss_scale=None, tokenizer=None, train_subset='train', update_freq=[2], upsample_primary=1, use_bmuf=False, user_dir=None, valid_subset='valid', validate_interval=1, warmup_updates=0, weight_decay=0.0)
| [None] dictionary: 40897 types
| [None] dictionary: 40897 types
Initialized LMDB: /ssd_scratch/cvit/asvs/data/pib-en-mar/dev.mr-en.en
Initialized LMDB: /ssd_scratch/cvit/asvs/data/pib-en-mar/dev.mr-en.mr
TransformerModel(
  (encoder): TransformerEncoder(
    (embed_tokens): Embedding(40897, 512, padding_idx=1)
    (embed_positions): SinusoidalPositionalEmbedding()
    (layers): ModuleList(
      (0): TransformerEncoderLayer(
        (self_attn): MultiheadAttention(
          (out_proj): Linear(in_features=512, out_features=512, bias=True)
        )
        (self_attn_layer_norm): LayerNorm(torch.Size([512]), eps=1e-05, elementwise_affine=True)
        (fc1): Linear(in_features=512, out_features=2048, bias=True)
        (fc2): Linear(in_features=2048, out_features=512, bias=True)
        (final_layer_norm): LayerNorm(torch.Size([512]), eps=1e-05, elementwise_affine=True)
      )
      (1): TransformerEncoderLayer(
        (self_attn): MultiheadAttention(
          (out_proj): Linear(in_features=512, out_features=512, bias=True)
        )
        (self_attn_layer_norm): LayerNorm(torch.Size([512]), eps=1e-05, elementwise_affine=True)
        (fc1): Linear(in_features=512, out_features=2048, bias=True)
        (fc2): Linear(in_features=2048, out_features=512, bias=True)
        (final_layer_norm): LayerNorm(torch.Size([512]), eps=1e-05, elementwise_affine=True)
      )
      (2): TransformerEncoderLayer(
        (self_attn): MultiheadAttention(
          (out_proj): Linear(in_features=512, out_features=512, bias=True)
        )
        (self_attn_layer_norm): LayerNorm(torch.Size([512]), eps=1e-05, elementwise_affine=True)
        (fc1): Linear(in_features=512, out_features=2048, bias=True)
        (fc2): Linear(in_features=2048, out_features=512, bias=True)
        (final_layer_norm): LayerNorm(torch.Size([512]), eps=1e-05, elementwise_affine=True)
      )
      (3): TransformerEncoderLayer(
        (self_attn): MultiheadAttention(
          (out_proj): Linear(in_features=512, out_features=512, bias=True)
        )
        (self_attn_layer_norm): LayerNorm(torch.Size([512]), eps=1e-05, elementwise_affine=True)
        (fc1): Linear(in_features=512, out_features=2048, bias=True)
        (fc2): Linear(in_features=2048, out_features=512, bias=True)
        (final_layer_norm): LayerNorm(torch.Size([512]), eps=1e-05, elementwise_affine=True)
      )
      (4): TransformerEncoderLayer(
        (self_attn): MultiheadAttention(
          (out_proj): Linear(in_features=512, out_features=512, bias=True)
        )
        (self_attn_layer_norm): LayerNorm(torch.Size([512]), eps=1e-05, elementwise_affine=True)
        (fc1): Linear(in_features=512, out_features=2048, bias=True)
        (fc2): Linear(in_features=2048, out_features=512, bias=True)
        (final_layer_norm): LayerNorm(torch.Size([512]), eps=1e-05, elementwise_affine=True)
      )
      (5): TransformerEncoderLayer(
        (self_attn): MultiheadAttention(
          (out_proj): Linear(in_features=512, out_features=512, bias=True)
        )
        (self_attn_layer_norm): LayerNorm(torch.Size([512]), eps=1e-05, elementwise_affine=True)
        (fc1): Linear(in_features=512, out_features=2048, bias=True)
        (fc2): Linear(in_features=2048, out_features=512, bias=True)
        (final_layer_norm): LayerNorm(torch.Size([512]), eps=1e-05, elementwise_affine=True)
      )
    )
  )
  (decoder): TransformerDecoder(
    (embed_tokens): Embedding(40897, 512, padding_idx=1)
    (embed_positions): SinusoidalPositionalEmbedding()
    (layers): ModuleList(
      (0): TransformerDecoderLayer(
        (self_attn): MultiheadAttention(
          (out_proj): Linear(in_features=512, out_features=512, bias=True)
        )
        (self_attn_layer_norm): LayerNorm(torch.Size([512]), eps=1e-05, elementwise_affine=True)
        (encoder_attn): MultiheadAttention(
          (out_proj): Linear(in_features=512, out_features=512, bias=True)
        )
        (encoder_attn_layer_norm): LayerNorm(torch.Size([512]), eps=1e-05, elementwise_affine=True)
        (fc1): Linear(in_features=512, out_features=2048, bias=True)
        (fc2): Linear(in_features=2048, out_features=512, bias=True)
        (final_layer_norm): LayerNorm(torch.Size([512]), eps=1e-05, elementwise_affine=True)
      )
      (1): TransformerDecoderLayer(
        (self_attn): MultiheadAttention(
          (out_proj): Linear(in_features=512, out_features=512, bias=True)
        )
        (self_attn_layer_norm): LayerNorm(torch.Size([512]), eps=1e-05, elementwise_affine=True)
        (encoder_attn): MultiheadAttention(
          (out_proj): Linear(in_features=512, out_features=512, bias=True)
        )
        (encoder_attn_layer_norm): LayerNorm(torch.Size([512]), eps=1e-05, elementwise_affine=True)
        (fc1): Linear(in_features=512, out_features=2048, bias=True)
        (fc2): Linear(in_features=2048, out_features=512, bias=True)
        (final_layer_norm): LayerNorm(torch.Size([512]), eps=1e-05, elementwise_affine=True)
      )
      (2): TransformerDecoderLayer(
        (self_attn): MultiheadAttention(
          (out_proj): Linear(in_features=512, out_features=512, bias=True)
        )
        (self_attn_layer_norm): LayerNorm(torch.Size([512]), eps=1e-05, elementwise_affine=True)
        (encoder_attn): MultiheadAttention(
          (out_proj): Linear(in_features=512, out_features=512, bias=True)
        )
        (encoder_attn_layer_norm): LayerNorm(torch.Size([512]), eps=1e-05, elementwise_affine=True)
        (fc1): Linear(in_features=512, out_features=2048, bias=True)
        (fc2): Linear(in_features=2048, out_features=512, bias=True)
        (final_layer_norm): LayerNorm(torch.Size([512]), eps=1e-05, elementwise_affine=True)
      )
      (3): TransformerDecoderLayer(
        (self_attn): MultiheadAttention(
          (out_proj): Linear(in_features=512, out_features=512, bias=True)
        )
        (self_attn_layer_norm): LayerNorm(torch.Size([512]), eps=1e-05, elementwise_affine=True)
        (encoder_attn): MultiheadAttention(
          (out_proj): Linear(in_features=512, out_features=512, bias=True)
        )
        (encoder_attn_layer_norm): LayerNorm(torch.Size([512]), eps=1e-05, elementwise_affine=True)
        (fc1): Linear(in_features=512, out_features=2048, bias=True)
        (fc2): Linear(in_features=2048, out_features=512, bias=True)
        (final_layer_norm): LayerNorm(torch.Size([512]), eps=1e-05, elementwise_affine=True)
      )
      (4): TransformerDecoderLayer(
        (self_attn): MultiheadAttention(
          (out_proj): Linear(in_features=512, out_features=512, bias=True)
        )
        (self_attn_layer_norm): LayerNorm(torch.Size([512]), eps=1e-05, elementwise_affine=True)
        (encoder_attn): MultiheadAttention(
          (out_proj): Linear(in_features=512, out_features=512, bias=True)
        )
        (encoder_attn_layer_norm): LayerNorm(torch.Size([512]), eps=1e-05, elementwise_affine=True)
        (fc1): Linear(in_features=512, out_features=2048, bias=True)
        (fc2): Linear(in_features=2048, out_features=512, bias=True)
        (final_layer_norm): LayerNorm(torch.Size([512]), eps=1e-05, elementwise_affine=True)
      )
      (5): TransformerDecoderLayer(
        (self_attn): MultiheadAttention(
          (out_proj): Linear(in_features=512, out_features=512, bias=True)
        )
        (self_attn_layer_norm): LayerNorm(torch.Size([512]), eps=1e-05, elementwise_affine=True)
        (encoder_attn): MultiheadAttention(
          (out_proj): Linear(in_features=512, out_features=512, bias=True)
        )
        (encoder_attn_layer_norm): LayerNorm(torch.Size([512]), eps=1e-05, elementwise_affine=True)
        (fc1): Linear(in_features=512, out_features=2048, bias=True)
        (fc2): Linear(in_features=2048, out_features=512, bias=True)
        (final_layer_norm): LayerNorm(torch.Size([512]), eps=1e-05, elementwise_affine=True)
      )
    )
  )
)
| model transformer, criterion LabelSmoothedCrossEntropyCriterion
| num. model params: 65077760 (num. trained: 65077760)
| training on 4 GPUs
| max tokens per GPU = 5000 and max sentences per GPU = None
| loaded checkpoint /ssd_scratch/cvit/asvs/checkpoints/checkpoint_last.pt (epoch 49 @ 0 updates)
| NOTICE: your device may support faster training with --fp16
| loading train data for epoch 49
Initialized LMDB: /ssd_scratch/cvit/asvs/data/pib-en-mar/train.mr-en.en
Initialized LMDB: /ssd_scratch/cvit/asvs/data/pib-en-mar/train.mr-en.mr
| epoch 049 | loss 2.224 | nll_loss 2.224 | ppl 4.67 | wps 35029 | ups 1 | wpb 27150.072 | bsz 521.577 | num_updates 111 | lr 0.0001 | gnorm 1.293 | clip 0.000 | oom 0.000 | wall 86 | train_wall 162780
| epoch 049 | valid on 'valid' subset | loss 3.565 | nll_loss 3.565 | ppl 11.84 | num_updates 111
| saved checkpoint /ssd_scratch/cvit/asvs/checkpoints/checkpoint49.pt (epoch 49 @ 111 updates) (writing took 3.708496570587158 seconds)
| epoch 050:    200 / 760 loss=2.022, nll_loss=2.022, ppl=4.06, wps=37437, ups=1, wpb=26908.169, bsz=513.896, num_updates=312, lr=0.0001, gnorm=0.871, clip=0.000, oom=0.000, wall=240, train_wall=162896
slurmstepd: error: *** JOB 240337 ON gnode55 CANCELLED AT 2020-10-19T19:24:14 ***
